This is pdfTeX, Version 3.141592653-2.6-1.40.27 (TeX Live 2026/dev/Arch Linux) (preloaded format=pdflatex 2025.10.19)  21 OCT 2025 21:47
entering extended mode
 restricted \write18 enabled.
 file:line:error style messages enabled.
 %&-line parsing enabled.
**article.tex
(./article.tex
LaTeX2e <2024-11-01> patch level 2
L3 programming layer <2025-01-18>
./article.tex:1: Undefined control sequence.
<argument> \undefinedpagestyle 
                               
l.1 \pagestyle{fancy}
                     
The control sequence at the end of the top line
of your error message was never \def'ed. If you have
misspelled it (e.g., `\hobx'), type `I' and the correct
spelling (e.g., `I\hbox'). Otherwise just continue,
and I'll forget about whatever was undefined.

./article.tex:2: Undefined control sequence.
l.2 \fancyhf
            {}
The control sequence at the end of the top line
of your error message was never \def'ed. If you have
misspelled it (e.g., `\hobx'), type `I' and the correct
spelling (e.g., `I\hbox'). Otherwise just continue,
and I'll forget about whatever was undefined.

./article.tex:3: Undefined control sequence.
l.3 \fancyhead
              [RO]{社团生存指南｜$title$} % 奇数页右上角
The control sequence at the end of the top line
of your error message was never \def'ed. If you have
misspelled it (e.g., `\hobx'), type `I' and the correct
spelling (e.g., `I\hbox'). Otherwise just continue,
and I'll forget about whatever was undefined.


./article.tex:3: LaTeX Error: Missing \begin{document}.

See the LaTeX manual or LaTeX Companion for explanation.
Type  H <return>  for immediate help.
 ...                                              
                                                  
l.3 \fancyhead[
               RO]{社团生存指南｜$title$} % 奇数页右上角
You're in trouble here.  Try typing  <return>  to proceed.
If that doesn't work, type  X <return>  to quit.

Missing character: There is no [ in font nullfont!
Missing character: There is no R in font nullfont!
Missing character: There is no O in font nullfont!
Missing character: There is no ] in font nullfont!

./article.tex:3: LaTeX Error: Unicode character 社 (U+793E)
               not set up for use with LaTeX.

See the LaTeX manual or LaTeX Companion for explanation.
Type  H <return>  for immediate help.
 ...                                              
                                                  
l.3 \fancyhead[RO]{社
                      团生存指南｜$title$} % 奇数页右上角
You may provide a definition with
\DeclareUnicodeCharacter 


./article.tex:3: LaTeX Error: Unicode character 团 (U+56E2)
               not set up for use with LaTeX.

See the LaTeX manual or LaTeX Companion for explanation.
Type  H <return>  for immediate help.
 ...                                              
                                                  
l.3 \fancyhead[RO]{社团
                         生存指南｜$title$} % 奇数页右上角
You may provide a definition with
\DeclareUnicodeCharacter 


./article.tex:3: LaTeX Error: Unicode character 生 (U+751F)
               not set up for use with LaTeX.

See the LaTeX manual or LaTeX Companion for explanation.
Type  H <return>  for immediate help.
 ...                                              
                                                  
l.3 \fancyhead[RO]{社团生
                            存指南｜$title$} % 奇数页右上角
You may provide a definition with
\DeclareUnicodeCharacter 


./article.tex:3: LaTeX Error: Unicode character 存 (U+5B58)
               not set up for use with LaTeX.

See the LaTeX manual or LaTeX Companion for explanation.
Type  H <return>  for immediate help.
 ...                                              
                                                  
l.3 \fancyhead[RO]{社团生存
                               指南｜$title$} % 奇数页右上角
You may provide a definition with
\DeclareUnicodeCharacter 


./article.tex:3: LaTeX Error: Unicode character 指 (U+6307)
               not set up for use with LaTeX.

See the LaTeX manual or LaTeX Companion for explanation.
Type  H <return>  for immediate help.
 ...                                              
                                                  
l.3 \fancyhead[RO]{社团生存指
                                  南｜$title$} % 奇数页右上角
You may provide a definition with
\DeclareUnicodeCharacter 


./article.tex:3: LaTeX Error: Unicode character 南 (U+5357)
               not set up for use with LaTeX.

See the LaTeX manual or LaTeX Companion for explanation.
Type  H <return>  for immediate help.
 ...                                              
                                                  
l.3 \fancyhead[RO]{社团生存指南
                                     ｜$title$} % 奇数页右上角
You may provide a definition with
\DeclareUnicodeCharacter 


./article.tex:3: LaTeX Error: Unicode character ｜ (U+FF5C)
               not set up for use with LaTeX.

See the LaTeX manual or LaTeX Companion for explanation.
Type  H <return>  for immediate help.
 ...                                              
                                                  
l.3 \fancyhead[RO]{社团生存指南｜
                                        $title$} % 奇数页右上角
You may provide a definition with
\DeclareUnicodeCharacter 

LaTeX Font Info:    External font `cmex10' loaded for size
(Font)              <7> on input line 3.
LaTeX Font Info:    External font `cmex10' loaded for size
(Font)              <5> on input line 3.
./article.tex:4: Undefined control sequence.
l.4 \fancyhead
              [LE]{社团生存指南｜$title$} % 偶数页左上角
The control sequence at the end of the top line
of your error message was never \def'ed. If you have
misspelled it (e.g., `\hobx'), type `I' and the correct
spelling (e.g., `I\hbox'). Otherwise just continue,
and I'll forget about whatever was undefined.

Missing character: There is no [ in font nullfont!
Missing character: There is no L in font nullfont!
Missing character: There is no E in font nullfont!
Missing character: There is no ] in font nullfont!

./article.tex:4: LaTeX Error: Unicode character 社 (U+793E)
               not set up for use with LaTeX.

See the LaTeX manual or LaTeX Companion for explanation.
Type  H <return>  for immediate help.
 ...                                              
                                                  
l.4 \fancyhead[LE]{社
                      团生存指南｜$title$} % 偶数页左上角
You may provide a definition with
\DeclareUnicodeCharacter 


./article.tex:4: LaTeX Error: Unicode character 团 (U+56E2)
               not set up for use with LaTeX.

See the LaTeX manual or LaTeX Companion for explanation.
Type  H <return>  for immediate help.
 ...                                              
                                                  
l.4 \fancyhead[LE]{社团
                         生存指南｜$title$} % 偶数页左上角
You may provide a definition with
\DeclareUnicodeCharacter 


./article.tex:4: LaTeX Error: Unicode character 生 (U+751F)
               not set up for use with LaTeX.

See the LaTeX manual or LaTeX Companion for explanation.
Type  H <return>  for immediate help.
 ...                                              
                                                  
l.4 \fancyhead[LE]{社团生
                            存指南｜$title$} % 偶数页左上角
You may provide a definition with
\DeclareUnicodeCharacter 


./article.tex:4: LaTeX Error: Unicode character 存 (U+5B58)
               not set up for use with LaTeX.

See the LaTeX manual or LaTeX Companion for explanation.
Type  H <return>  for immediate help.
 ...                                              
                                                  
l.4 \fancyhead[LE]{社团生存
                               指南｜$title$} % 偶数页左上角
You may provide a definition with
\DeclareUnicodeCharacter 


./article.tex:4: LaTeX Error: Unicode character 指 (U+6307)
               not set up for use with LaTeX.

See the LaTeX manual or LaTeX Companion for explanation.
Type  H <return>  for immediate help.
 ...                                              
                                                  
l.4 \fancyhead[LE]{社团生存指
                                  南｜$title$} % 偶数页左上角
You may provide a definition with
\DeclareUnicodeCharacter 


./article.tex:4: LaTeX Error: Unicode character 南 (U+5357)
               not set up for use with LaTeX.

See the LaTeX manual or LaTeX Companion for explanation.
Type  H <return>  for immediate help.
 ...                                              
                                                  
l.4 \fancyhead[LE]{社团生存指南
                                     ｜$title$} % 偶数页左上角
You may provide a definition with
\DeclareUnicodeCharacter 


./article.tex:4: LaTeX Error: Unicode character ｜ (U+FF5C)
               not set up for use with LaTeX.

See the LaTeX manual or LaTeX Companion for explanation.
Type  H <return>  for immediate help.
 ...                                              
                                                  
l.4 \fancyhead[LE]{社团生存指南｜
                                        $title$} % 偶数页左上角
You may provide a definition with
\DeclareUnicodeCharacter 

./article.tex:5: Undefined control sequence.
l.5 \fancyfoot
              [RO]{\thepage}
The control sequence at the end of the top line
of your error message was never \def'ed. If you have
misspelled it (e.g., `\hobx'), type `I' and the correct
spelling (e.g., `I\hbox'). Otherwise just continue,
and I'll forget about whatever was undefined.

Missing character: There is no [ in font nullfont!
Missing character: There is no R in font nullfont!
Missing character: There is no O in font nullfont!
Missing character: There is no ] in font nullfont!
./article.tex:5: Undefined control sequence.
l.5 \fancyfoot[RO]{\thepage
                           }
The control sequence at the end of the top line
of your error message was never \def'ed. If you have
misspelled it (e.g., `\hobx'), type `I' and the correct
spelling (e.g., `I\hbox'). Otherwise just continue,
and I'll forget about whatever was undefined.

./article.tex:6: Undefined control sequence.
l.6 \fancyfoot
              [LE]{\thepage}
The control sequence at the end of the top line
of your error message was never \def'ed. If you have
misspelled it (e.g., `\hobx'), type `I' and the correct
spelling (e.g., `I\hbox'). Otherwise just continue,
and I'll forget about whatever was undefined.

Missing character: There is no [ in font nullfont!
Missing character: There is no L in font nullfont!
Missing character: There is no E in font nullfont!
Missing character: There is no ] in font nullfont!
./article.tex:6: Undefined control sequence.
l.6 \fancyfoot[LE]{\thepage
                           }
The control sequence at the end of the top line
of your error message was never \def'ed. If you have
misspelled it (e.g., `\hobx'), type `I' and the correct
spelling (e.g., `I\hbox'). Otherwise just continue,
and I'll forget about whatever was undefined.


./article.tex:7: LaTeX Error: Command \headrulewidth undefined.

See the LaTeX manual or LaTeX Companion for explanation.
Type  H <return>  for immediate help.
 ...                                              
                                                  
l.7 \renewcommand{\headrulewidth}
                                 {0pt}
Try typing  <return>  to proceed.
If that doesn't work, type  X <return>  to quit.


./article.tex:8: LaTeX Error: Command \footrulewidth undefined.

See the LaTeX manual or LaTeX Companion for explanation.
Type  H <return>  for immediate help.
 ...                                              
                                                  
l.8 \renewcommand{\footrulewidth}
                                 {0pt}
Try typing  <return>  to proceed.
If that doesn't work, type  X <return>  to quit.


Overfull \hbox (38.5042pt too wide) in paragraph at lines 3--10
[]$\OML/cmm/m/it/10 title$
 []


Overfull \hbox (18.5042pt too wide) in paragraph at lines 3--10
\OML/cmm/m/it/10 title$
 []

./article.tex:17: Undefined control sequence.
l.17   \zihao
             {4}\fangsong 文／$author$
The control sequence at the end of the top line
of your error message was never \def'ed. If you have
misspelled it (e.g., `\hobx'), type `I' and the correct
spelling (e.g., `I\hbox'). Otherwise just continue,
and I'll forget about whatever was undefined.


./article.tex:17: LaTeX Error: Missing \begin{document}.

See the LaTeX manual or LaTeX Companion for explanation.
Type  H <return>  for immediate help.
 ...                                              
                                                  
l.17   \zihao{4
               }\fangsong 文／$author$
You're in trouble here.  Try typing  <return>  to proceed.
If that doesn't work, type  X <return>  to quit.

Missing character: There is no 4 in font nullfont!
./article.tex:17: Undefined control sequence.
l.17   \zihao{4}\fangsong
                          文／$author$
The control sequence at the end of the top line
of your error message was never \def'ed. If you have
misspelled it (e.g., `\hobx'), type `I' and the correct
spelling (e.g., `I\hbox'). Otherwise just continue,
and I'll forget about whatever was undefined.


./article.tex:17: LaTeX Error: Unicode character 文 (U+6587)
               not set up for use with LaTeX.

See the LaTeX manual or LaTeX Companion for explanation.
Type  H <return>  for immediate help.
 ...                                              
                                                  
l.17   \zihao{4}\fangsong 文
                             ／$author$
You may provide a definition with
\DeclareUnicodeCharacter 


./article.tex:17: LaTeX Error: Unicode character ／ (U+FF0F)
               not set up for use with LaTeX.

See the LaTeX manual or LaTeX Companion for explanation.
Type  H <return>  for immediate help.
 ...                                              
                                                  
l.17   \zihao{4}\fangsong 文／
                                $author$
You may provide a definition with
\DeclareUnicodeCharacter 


Overfull \hbox (30.01976pt too wide) in paragraph at lines 17--19
[]$\OML/cmm/m/it/10 author$
 []

./article.tex:23: Undefined control sequence.
l.23   \zihao
             {1}\heiti $title$
The control sequence at the end of the top line
of your error message was never \def'ed. If you have
misspelled it (e.g., `\hobx'), type `I' and the correct
spelling (e.g., `I\hbox'). Otherwise just continue,
and I'll forget about whatever was undefined.


./article.tex:23: LaTeX Error: Missing \begin{document}.

See the LaTeX manual or LaTeX Companion for explanation.
Type  H <return>  for immediate help.
 ...                                              
                                                  
l.23   \zihao{1
               }\heiti $title$
You're in trouble here.  Try typing  <return>  to proceed.
If that doesn't work, type  X <return>  to quit.

Missing character: There is no 1 in font nullfont!
./article.tex:23: Undefined control sequence.
l.23   \zihao{1}\heiti
                       $title$
The control sequence at the end of the top line
of your error message was never \def'ed. If you have
misspelled it (e.g., `\hobx'), type `I' and the correct
spelling (e.g., `I\hbox'). Otherwise just continue,
and I'll forget about whatever was undefined.


Overfull \hbox (18.5042pt too wide) in paragraph at lines 23--25
[]$\OML/cmm/m/it/10 title$
 []


./article.tex:27: LaTeX Error: Missing \begin{document}.

See the LaTeX manual or LaTeX Companion for explanation.
Type  H <return>  for immediate help.
 ...                                              
                                                  
l.27 $
      body$
You're in trouble here.  Try typing  <return>  to proceed.
If that doesn't work, type  X <return>  to quit.

)
! Emergency stop.
<*> article.tex
               
*** (job aborted, no legal \end found)

 
Here is how much of TeX's memory you used:
 29 strings out of 475160
 590 string characters out of 5766571
 386891 words of memory out of 5000000
 23128 multiletter control sequences out of 15000+600000
 558837 words of font info for 36 fonts, out of 8000000 for 9000
 14 hyphenation exceptions out of 8191
 18i,1n,20p,112b,66s stack positions out of 10000i,1000n,20000p,200000b,200000s
!  ==> Fatal error occurred, no output PDF file produced!
